2026-03-07 10:25:53.5920|INFO|Microsoft.EntityFrameworkCore.Database.Command|Executed DbCommand (12ms) [Parameters=[], CommandType='Text', CommandTimeout='30']
SELECT 1
2026-03-07 10:25:53.6240|INFO|Microsoft.EntityFrameworkCore.Database.Command|Executed DbCommand (9ms) [Parameters=[], CommandType='Text', CommandTimeout='30']
SELECT OBJECT_ID(N'[__EFMigrationsHistory]');
2026-03-07 10:25:53.6266|INFO|Microsoft.EntityFrameworkCore.Database.Command|Executed DbCommand (1ms) [Parameters=[], CommandType='Text', CommandTimeout='30']
SELECT 1
2026-03-07 10:25:53.6266|INFO|Microsoft.EntityFrameworkCore.Database.Command|Executed DbCommand (0ms) [Parameters=[], CommandType='Text', CommandTimeout='30']
SELECT OBJECT_ID(N'[__EFMigrationsHistory]');
2026-03-07 10:25:53.6413|INFO|Microsoft.EntityFrameworkCore.Database.Command|Executed DbCommand (5ms) [Parameters=[], CommandType='Text', CommandTimeout='30']
SELECT [MigrationId], [ProductVersion]
FROM [__EFMigrationsHistory]
ORDER BY [MigrationId];
2026-03-07 10:25:53.6521|INFO|Microsoft.EntityFrameworkCore.Migrations|No migrations were applied. The database is already up to date.
2026-03-07 10:25:53.7034|INFO|Microsoft.AspNetCore.DataProtection.KeyManagement.XmlKeyManager|User profile is available. Using '/home/berzat-babur/.aspnet/DataProtection-Keys' as key repository; keys will not be encrypted at rest.
2026-03-07 10:25:53.7468|INFO|Microsoft.Hosting.Lifetime|Now listening on: http://localhost:5010
2026-03-07 10:25:53.7476|INFO|Microsoft.Hosting.Lifetime|Application started. Press Ctrl+C to shut down.
2026-03-07 10:25:53.7476|INFO|Microsoft.Hosting.Lifetime|Hosting environment: Development
2026-03-07 10:25:53.7476|INFO|Microsoft.Hosting.Lifetime|Content root path: /home/berzat-babur/Desktop/Telefon_Rehber_Uygulaması/TelefonRehberApi
2026-03-07 10:26:13.2155|INFO|Microsoft.AspNetCore.Hosting.Diagnostics|Request starting HTTP/1.1 GET http://localhost:46627/api/contacts - - -
2026-03-07 10:26:13.2663|WARN|Microsoft.AspNetCore.HttpsPolicy.HttpsRedirectionMiddleware|Failed to determine the https port for redirect.
2026-03-07 10:26:13.2678|INFO|Microsoft.AspNetCore.Routing.EndpointMiddleware|Executing endpoint 'TelefonRehberApi.Controllers.ContactsController.GetAll (TelefonRehberApi)'
2026-03-07 10:26:13.2922|INFO|Microsoft.AspNetCore.Mvc.Infrastructure.ControllerActionInvoker|Route matched with {action = "GetAll", controller = "Contacts"}. Executing controller action with signature System.Threading.Tasks.Task`1[Microsoft.AspNetCore.Mvc.ActionResult`1[System.Collections.Generic.IEnumerable`1[TelefonRehberApi.Models.Contact]]] GetAll(System.Threading.CancellationToken) on controller TelefonRehberApi.Controllers.ContactsController (TelefonRehberApi).
2026-03-07 10:26:13.3216|INFO|TelefonRehberApi.Services.ContactService|Contacts list requested
2026-03-07 10:26:13.5221|INFO|Microsoft.EntityFrameworkCore.Database.Command|Executed DbCommand (20ms) [Parameters=[], CommandType='Text', CommandTimeout='30']
SELECT [c].[Id], [c].[Address], [c].[CreatedAt], [c].[Email], [c].[FirstName], [c].[LastName], [c].[Notes], [c].[PhoneNumber], [c].[UpdatedAt], [c].[UserId]
FROM [Contacts] AS [c]
2026-03-07 10:26:13.5920|INFO|TelefonRehberApi.Services.ContactService|Returning 3 contacts
2026-03-07 10:26:13.5989|INFO|Microsoft.AspNetCore.Mvc.Infrastructure.ObjectResultExecutor|Executing OkObjectResult, writing value of type 'System.Collections.Generic.List`1[[TelefonRehberApi.Models.Contact, TelefonRehberApi, Version=1.0.0.0, Culture=neutral, PublicKeyToken=null]]'.
2026-03-07 10:26:13.6416|INFO|Microsoft.AspNetCore.Mvc.Infrastructure.ControllerActionInvoker|Executed action TelefonRehberApi.Controllers.ContactsController.GetAll (TelefonRehberApi) in 344.0255ms
2026-03-07 10:26:13.6426|INFO|Microsoft.AspNetCore.Routing.EndpointMiddleware|Executed endpoint 'TelefonRehberApi.Controllers.ContactsController.GetAll (TelefonRehberApi)'
2026-03-07 10:26:13.6503|INFO|Microsoft.AspNetCore.Hosting.Diagnostics|Request finished HTTP/1.1 GET http://localhost:46627/api/contacts - 200 - application/json;+charset=utf-8 436.1454ms
2026-03-07 10:26:23.6777|INFO|Microsoft.AspNetCore.Hosting.Diagnostics|Request starting HTTP/1.1 GET http://localhost:46627/api/contacts - - -
2026-03-07 10:26:23.6834|INFO|Microsoft.AspNetCore.Routing.EndpointMiddleware|Executing endpoint 'TelefonRehberApi.Controllers.ContactsController.GetAll (TelefonRehberApi)'
2026-03-07 10:26:23.6850|INFO|Microsoft.AspNetCore.Mvc.Infrastructure.ControllerActionInvoker|Route matched with {action = "GetAll", controller = "Contacts"}. Executing controller action with signature System.Threading.Tasks.Task`1[Microsoft.AspNetCore.Mvc.ActionResult`1[System.Collections.Generic.IEnumerable`1[TelefonRehberApi.Models.Contact]]] GetAll(System.Threading.CancellationToken) on controller TelefonRehberApi.Controllers.ContactsController (TelefonRehberApi).
2026-03-07 10:26:23.7601|INFO|TelefonRehberApi.Services.ContactService|Contacts list requested
2026-03-07 10:26:23.7679|INFO|Microsoft.EntityFrameworkCore.Database.Command|Executed DbCommand (6ms) [Parameters=[], CommandType='Text', CommandTimeout='30']
SELECT [c].[Id], [c].[Address], [c].[CreatedAt], [c].[Email], [c].[FirstName], [c].[LastName], [c].[Notes], [c].[PhoneNumber], [c].[UpdatedAt], [c].[UserId]
FROM [Contacts] AS [c]
2026-03-07 10:26:23.7690|INFO|TelefonRehberApi.Services.ContactService|Returning 3 contacts
2026-03-07 10:26:23.7699|INFO|Microsoft.AspNetCore.Mvc.Infrastructure.ObjectResultExecutor|Executing OkObjectResult, writing value of type 'System.Collections.Generic.List`1[[TelefonRehberApi.Models.Contact, TelefonRehberApi, Version=1.0.0.0, Culture=neutral, PublicKeyToken=null]]'.
2026-03-07 10:26:23.7707|INFO|Microsoft.AspNetCore.Mvc.Infrastructure.ControllerActionInvoker|Executed action TelefonRehberApi.Controllers.ContactsController.GetAll (TelefonRehberApi) in 85.2403ms
2026-03-07 10:26:23.7707|INFO|Microsoft.AspNetCore.Routing.EndpointMiddleware|Executed endpoint 'TelefonRehberApi.Controllers.ContactsController.GetAll (TelefonRehberApi)'
2026-03-07 10:26:23.7707|INFO|Microsoft.AspNetCore.Hosting.Diagnostics|Request finished HTTP/1.1 GET http://localhost:46627/api/contacts - 200 - application/json;+charset=utf-8 93.6509ms
2026-03-07 10:26:49.4635|INFO|Microsoft.AspNetCore.Hosting.Diagnostics|Request starting HTTP/1.1 POST http://localhost:46627/api/contacts - application/json 117
2026-03-07 10:26:49.4661|INFO|Microsoft.AspNetCore.Cors.Infrastructure.CorsService|CORS policy execution failed.
2026-03-07 10:26:49.4661|INFO|Microsoft.AspNetCore.Cors.Infrastructure.CorsService|Request origin http://localhost:46627 does not have permission to access the resource.
2026-03-07 10:26:49.4667|INFO|Microsoft.AspNetCore.Routing.EndpointMiddleware|Executing endpoint 'TelefonRehberApi.Controllers.ContactsController.Create (TelefonRehberApi)'
2026-03-07 10:26:49.4703|INFO|Microsoft.AspNetCore.Mvc.Infrastructure.ControllerActionInvoker|Route matched with {action = "Create", controller = "Contacts"}. Executing controller action with signature System.Threading.Tasks.Task`1[Microsoft.AspNetCore.Mvc.ActionResult`1[TelefonRehberApi.Models.Contact]] Create(TelefonRehberApi.Models.Contact, System.Threading.CancellationToken) on controller TelefonRehberApi.Controllers.ContactsController (TelefonRehberApi).
2026-03-07 10:26:49.5736|INFO|Microsoft.EntityFrameworkCore.Database.Command|Executed DbCommand (12ms) [Parameters=[@p0='?' (Size = 500), @p1='?' (DbType = DateTime2), @p2='?' (Size = 200), @p3='?' (Size = 100), @p4='?' (Size = 100), @p5='?' (Size = 1000), @p6='?' (Size = 50), @p7='?' (DbType = DateTime2), @p8='?' (DbType = Int32)], CommandType='Text', CommandTimeout='30']
SET IMPLICIT_TRANSACTIONS OFF;
SET NOCOUNT ON;
INSERT INTO [Contacts] ([Address], [CreatedAt], [Email], [FirstName], [LastName], [Notes], [PhoneNumber], [UpdatedAt], [UserId])
OUTPUT INSERTED.[Id]
VALUES (@p0, @p1, @p2, @p3, @p4, @p5, @p6, @p7, @p8);
2026-03-07 10:26:49.5891|INFO|TelefonRehberApi.Services.ContactService|Contact created: Id=1002, Name=rnRW WHB
2026-03-07 10:26:49.5897|INFO|Microsoft.AspNetCore.Mvc.Infrastructure.ObjectResultExecutor|Executing CreatedAtActionResult, writing value of type 'TelefonRehberApi.Models.Contact'.
2026-03-07 10:26:49.5982|INFO|Microsoft.AspNetCore.Mvc.Infrastructure.ControllerActionInvoker|Executed action TelefonRehberApi.Controllers.ContactsController.Create (TelefonRehberApi) in 127.8068ms
2026-03-07 10:26:49.5982|INFO|Microsoft.AspNetCore.Routing.EndpointMiddleware|Executed endpoint 'TelefonRehberApi.Controllers.ContactsController.Create (TelefonRehberApi)'
2026-03-07 10:26:49.5985|INFO|Microsoft.AspNetCore.Hosting.Diagnostics|Request finished HTTP/1.1 POST http://localhost:46627/api/contacts - 201 - application/json;+charset=utf-8 135.1192ms
2026-03-07 10:26:49.6036|INFO|Microsoft.AspNetCore.Hosting.Diagnostics|Request starting HTTP/1.1 GET http://localhost:46627/api/contacts - - -
2026-03-07 10:26:49.6036|INFO|Microsoft.AspNetCore.Routing.EndpointMiddleware|Executing endpoint 'TelefonRehberApi.Controllers.ContactsController.GetAll (TelefonRehberApi)'
2026-03-07 10:26:49.6036|INFO|Microsoft.AspNetCore.Mvc.Infrastructure.ControllerActionInvoker|Route matched with {action = "GetAll", controller = "Contacts"}. Executing controller action with signature System.Threading.Tasks.Task`1[Microsoft.AspNetCore.Mvc.ActionResult`1[System.Collections.Generic.IEnumerable`1[TelefonRehberApi.Models.Contact]]] GetAll(System.Threading.CancellationToken) on controller TelefonRehberApi.Controllers.ContactsController (TelefonRehberApi).
2026-03-07 10:26:49.6048|INFO|TelefonRehberApi.Services.ContactService|Contacts list requested
2026-03-07 10:26:49.6062|INFO|Microsoft.EntityFrameworkCore.Database.Command|Executed DbCommand (1ms) [Parameters=[], CommandType='Text', CommandTimeout='30']
SELECT [c].[Id], [c].[Address], [c].[CreatedAt], [c].[Email], [c].[FirstName], [c].[LastName], [c].[Notes], [c].[PhoneNumber], [c].[UpdatedAt], [c].[UserId]
FROM [Contacts] AS [c]
2026-03-07 10:26:49.6071|INFO|TelefonRehberApi.Services.ContactService|Returning 4 contacts
2026-03-07 10:26:49.6071|INFO|Microsoft.AspNetCore.Mvc.Infrastructure.ObjectResultExecutor|Executing OkObjectResult, writing value of type 'System.Collections.Generic.List`1[[TelefonRehberApi.Models.Contact, TelefonRehberApi, Version=1.0.0.0, Culture=neutral, PublicKeyToken=null]]'.
2026-03-07 10:26:49.6076|INFO|Microsoft.AspNetCore.Mvc.Infrastructure.ControllerActionInvoker|Executed action TelefonRehberApi.Controllers.ContactsController.GetAll (TelefonRehberApi) in 3.4534ms
2026-03-07 10:26:49.6076|INFO|Microsoft.AspNetCore.Routing.EndpointMiddleware|Executed endpoint 'TelefonRehberApi.Controllers.ContactsController.GetAll (TelefonRehberApi)'
2026-03-07 10:26:49.6076|INFO|Microsoft.AspNetCore.Hosting.Diagnostics|Request finished HTTP/1.1 GET http://localhost:46627/api/contacts - 200 - application/json;+charset=utf-8 4.3090ms
2026-03-07 10:27:43.8760|INFO|Microsoft.Hosting.Lifetime|Application is shutting down...
