2026-03-06 14:54:30.9829|INFO|Microsoft.EntityFrameworkCore.Database.Command|Executed DbCommand (13ms) [Parameters=[], CommandType='Text', CommandTimeout='30']
SELECT 1
2026-03-06 14:54:31.0197|INFO|Microsoft.EntityFrameworkCore.Database.Command|Executed DbCommand (9ms) [Parameters=[], CommandType='Text', CommandTimeout='30']
SELECT OBJECT_ID(N'[__EFMigrationsHistory]');
2026-03-06 14:54:31.0227|INFO|Microsoft.EntityFrameworkCore.Database.Command|Executed DbCommand (1ms) [Parameters=[], CommandType='Text', CommandTimeout='30']
SELECT 1
2026-03-06 14:54:31.0236|INFO|Microsoft.EntityFrameworkCore.Database.Command|Executed DbCommand (1ms) [Parameters=[], CommandType='Text', CommandTimeout='30']
SELECT OBJECT_ID(N'[__EFMigrationsHistory]');
2026-03-06 14:54:31.0372|INFO|Microsoft.EntityFrameworkCore.Database.Command|Executed DbCommand (2ms) [Parameters=[], CommandType='Text', CommandTimeout='30']
SELECT [MigrationId], [ProductVersion]
FROM [__EFMigrationsHistory]
ORDER BY [MigrationId];
2026-03-06 14:54:31.0488|INFO|Microsoft.EntityFrameworkCore.Migrations|No migrations were applied. The database is already up to date.
2026-03-06 14:54:37.3540|INFO|Microsoft.EntityFrameworkCore.Database.Command|Executed DbCommand (13ms) [Parameters=[], CommandType='Text', CommandTimeout='30']
SELECT 1
2026-03-06 14:54:37.3918|INFO|Microsoft.EntityFrameworkCore.Database.Command|Executed DbCommand (10ms) [Parameters=[], CommandType='Text', CommandTimeout='30']
SELECT OBJECT_ID(N'[__EFMigrationsHistory]');
2026-03-06 14:54:37.3948|INFO|Microsoft.EntityFrameworkCore.Database.Command|Executed DbCommand (2ms) [Parameters=[], CommandType='Text', CommandTimeout='30']
SELECT 1
2026-03-06 14:54:37.3958|INFO|Microsoft.EntityFrameworkCore.Database.Command|Executed DbCommand (1ms) [Parameters=[], CommandType='Text', CommandTimeout='30']
SELECT OBJECT_ID(N'[__EFMigrationsHistory]');
2026-03-06 14:54:37.4110|INFO|Microsoft.EntityFrameworkCore.Database.Command|Executed DbCommand (2ms) [Parameters=[], CommandType='Text', CommandTimeout='30']
SELECT [MigrationId], [ProductVersion]
FROM [__EFMigrationsHistory]
ORDER BY [MigrationId];
2026-03-06 14:54:37.4235|INFO|Microsoft.EntityFrameworkCore.Migrations|No migrations were applied. The database is already up to date.
2026-03-06 14:54:37.5455|ERROR|Microsoft.Extensions.Hosting.Internal.Host|Hosting failed to start
System.IO.IOException: Failed to bind to address http://127.0.0.1:5010: address already in use.
 ---> Microsoft.AspNetCore.Connections.AddressInUseException: Address already in use
 ---> System.Net.Sockets.SocketException (98): Address already in use
   at System.Net.Sockets.Socket.UpdateStatusAfterSocketErrorAndThrowException(SocketError error, Boolean disconnectOnFailure, String callerName)
   at System.Net.Sockets.Socket.DoBind(EndPoint endPointSnapshot, SocketAddress socketAddress)
   at System.Net.Sockets.Socket.Bind(EndPoint localEP)
   at Microsoft.AspNetCore.Server.Kestrel.Transport.Sockets.SocketTransportOptions.CreateDefaultBoundListenSocket(EndPoint endpoint)
   at Microsoft.AspNetCore.Server.Kestrel.Transport.Sockets.SocketConnectionListener.Bind()
   --- End of inner exception stack trace ---
   at Microsoft.AspNetCore.Server.Kestrel.Transport.Sockets.SocketConnectionListener.Bind()
   at Microsoft.AspNetCore.Server.Kestrel.Transport.Sockets.SocketTransportFactory.BindAsync(EndPoint endpoint, CancellationToken cancellationToken)
   at Microsoft.AspNetCore.Server.Kestrel.Core.Internal.Infrastructure.TransportManager.BindAsync(EndPoint endPoint, ConnectionDelegate connectionDelegate, EndpointConfig endpointConfig, CancellationToken cancellationToken)
   at Microsoft.AspNetCore.Server.Kestrel.Core.KestrelServerImpl.<>c__DisplayClass28_0`1.<<StartAsync>g__OnBind|0>d.MoveNext()
--- End of stack trace from previous location ---
   at Microsoft.AspNetCore.Server.Kestrel.Core.Internal.AddressBinder.BindEndpointAsync(ListenOptions endpoint, AddressBindContext context, CancellationToken cancellationToken)
   --- End of inner exception stack trace ---
   at Microsoft.AspNetCore.Server.Kestrel.Core.Internal.AddressBinder.BindEndpointAsync(ListenOptions endpoint, AddressBindContext context, CancellationToken cancellationToken)
   at Microsoft.AspNetCore.Server.Kestrel.Core.LocalhostListenOptions.BindAsync(AddressBindContext context, CancellationToken cancellationToken)
   at Microsoft.AspNetCore.Server.Kestrel.Core.Internal.AddressBinder.AddressesStrategy.BindAsync(AddressBindContext context, CancellationToken cancellationToken)
   at Microsoft.AspNetCore.Server.Kestrel.Core.Internal.AddressBinder.BindAsync(ListenOptions[] listenOptions, AddressBindContext context, Func`2 useHttps, CancellationToken cancellationToken)
   at Microsoft.AspNetCore.Server.Kestrel.Core.KestrelServerImpl.BindAsync(CancellationToken cancellationToken)
   at Microsoft.AspNetCore.Server.Kestrel.Core.KestrelServerImpl.StartAsync[TContext](IHttpApplication`1 application, CancellationToken cancellationToken)
   at Microsoft.AspNetCore.Hosting.GenericWebHostService.StartAsync(CancellationToken cancellationToken)
   at Microsoft.Extensions.Hosting.Internal.Host.<StartAsync>b__15_1(IHostedService service, CancellationToken token)
   at Microsoft.Extensions.Hosting.Internal.Host.ForeachService[T](IEnumerable`1 services, CancellationToken token, Boolean concurrent, Boolean abortOnFirstException, List`1 exceptions, Func`3 operation)
2026-03-06 15:05:34.6456|INFO|Microsoft.EntityFrameworkCore.Database.Command|Executed DbCommand (12ms) [Parameters=[], CommandType='Text', CommandTimeout='30']
SELECT 1
2026-03-06 15:05:34.6783|INFO|Microsoft.EntityFrameworkCore.Database.Command|Executed DbCommand (9ms) [Parameters=[], CommandType='Text', CommandTimeout='30']
SELECT OBJECT_ID(N'[__EFMigrationsHistory]');
2026-03-06 15:05:34.6807|INFO|Microsoft.EntityFrameworkCore.Database.Command|Executed DbCommand (1ms) [Parameters=[], CommandType='Text', CommandTimeout='30']
SELECT 1
2026-03-06 15:05:34.6815|INFO|Microsoft.EntityFrameworkCore.Database.Command|Executed DbCommand (1ms) [Parameters=[], CommandType='Text', CommandTimeout='30']
SELECT OBJECT_ID(N'[__EFMigrationsHistory]');
2026-03-06 15:05:34.6921|INFO|Microsoft.EntityFrameworkCore.Database.Command|Executed DbCommand (1ms) [Parameters=[], CommandType='Text', CommandTimeout='30']
SELECT [MigrationId], [ProductVersion]
FROM [__EFMigrationsHistory]
ORDER BY [MigrationId];
2026-03-06 15:05:34.7022|INFO|Microsoft.EntityFrameworkCore.Migrations|Applying migration '20260306120450_AddUsersAndLinkContactsToUser'.
2026-03-06 15:05:34.7503|INFO|Microsoft.EntityFrameworkCore.Database.Command|Executed DbCommand (2ms) [Parameters=[], CommandType='Text', CommandTimeout='30']
CREATE TABLE [Users] (
    [Id] int NOT NULL IDENTITY,
    [Email] nvarchar(256) NOT NULL,
    [PasswordHash] nvarchar(max) NOT NULL,
    [DisplayName] nvarchar(100) NULL,
    [CreatedAt] datetime2 NOT NULL,
    CONSTRAINT [PK_Users] PRIMARY KEY ([Id])
);
2026-03-06 15:05:34.7520|INFO|Microsoft.EntityFrameworkCore.Database.Command|Executed DbCommand (1ms) [Parameters=[], CommandType='Text', CommandTimeout='30']
CREATE UNIQUE INDEX [IX_Users_Email] ON [Users] ([Email]);
2026-03-06 15:05:34.7539|INFO|Microsoft.EntityFrameworkCore.Database.Command|Executed DbCommand (2ms) [Parameters=[], CommandType='Text', CommandTimeout='30']
INSERT INTO Users (Email, PasswordHash, DisplayName, CreatedAt) VALUES ('default@rehber.local', '$2a$11$placeholder', N'Eski kayıtlar', GETUTCDATE());
2026-03-06 15:05:34.7551|INFO|Microsoft.EntityFrameworkCore.Database.Command|Executed DbCommand (1ms) [Parameters=[], CommandType='Text', CommandTimeout='30']
ALTER TABLE [Contacts] ADD [UserId] int NULL;
2026-03-06 15:05:34.7575|INFO|Microsoft.EntityFrameworkCore.Database.Command|Executed DbCommand (2ms) [Parameters=[], CommandType='Text', CommandTimeout='30']
UPDATE Contacts SET UserId = (SELECT TOP 1 Id FROM Users);
2026-03-06 15:05:34.7797|INFO|Microsoft.EntityFrameworkCore.Database.Command|Executed DbCommand (22ms) [Parameters=[], CommandType='Text', CommandTimeout='30']
DECLARE @var0 sysname;
SELECT @var0 = [d].[name]
FROM [sys].[default_constraints] [d]
INNER JOIN [sys].[columns] [c] ON [d].[parent_column_id] = [c].[column_id] AND [d].[parent_object_id] = [c].[object_id]
WHERE ([d].[parent_object_id] = OBJECT_ID(N'[Contacts]') AND [c].[name] = N'UserId');
IF @var0 IS NOT NULL EXEC(N'ALTER TABLE [Contacts] DROP CONSTRAINT [' + @var0 + '];');
ALTER TABLE [Contacts] ALTER COLUMN [UserId] int NOT NULL;
2026-03-06 15:05:34.7839|INFO|Microsoft.EntityFrameworkCore.Database.Command|Executed DbCommand (4ms) [Parameters=[], CommandType='Text', CommandTimeout='30']
CREATE INDEX [IX_Contacts_UserId] ON [Contacts] ([UserId]);
2026-03-06 15:05:34.7903|INFO|Microsoft.EntityFrameworkCore.Database.Command|Executed DbCommand (6ms) [Parameters=[], CommandType='Text', CommandTimeout='30']
ALTER TABLE [Contacts] ADD CONSTRAINT [FK_Contacts_Users_UserId] FOREIGN KEY ([UserId]) REFERENCES [Users] ([Id]) ON DELETE CASCADE;
2026-03-06 15:05:34.7913|INFO|Microsoft.EntityFrameworkCore.Database.Command|Executed DbCommand (1ms) [Parameters=[], CommandType='Text', CommandTimeout='30']
INSERT INTO [__EFMigrationsHistory] ([MigrationId], [ProductVersion])
VALUES (N'20260306120450_AddUsersAndLinkContactsToUser', N'8.0.10');
2026-03-06 15:18:10.5774|INFO|Microsoft.EntityFrameworkCore.Database.Command|Executed DbCommand (12ms) [Parameters=[], CommandType='Text', CommandTimeout='30']
SELECT 1
2026-03-06 15:18:10.6133|INFO|Microsoft.EntityFrameworkCore.Database.Command|Executed DbCommand (9ms) [Parameters=[], CommandType='Text', CommandTimeout='30']
SELECT OBJECT_ID(N'[__EFMigrationsHistory]');
2026-03-06 15:18:10.6168|INFO|Microsoft.EntityFrameworkCore.Database.Command|Executed DbCommand (2ms) [Parameters=[], CommandType='Text', CommandTimeout='30']
SELECT 1
2026-03-06 15:18:10.6182|INFO|Microsoft.EntityFrameworkCore.Database.Command|Executed DbCommand (1ms) [Parameters=[], CommandType='Text', CommandTimeout='30']
SELECT OBJECT_ID(N'[__EFMigrationsHistory]');
2026-03-06 15:18:10.6302|INFO|Microsoft.EntityFrameworkCore.Database.Command|Executed DbCommand (1ms) [Parameters=[], CommandType='Text', CommandTimeout='30']
SELECT [MigrationId], [ProductVersion]
FROM [__EFMigrationsHistory]
ORDER BY [MigrationId];
2026-03-06 15:18:10.6444|INFO|Microsoft.EntityFrameworkCore.Migrations|No migrations were applied. The database is already up to date.
2026-03-06 15:18:10.7002|INFO|Microsoft.AspNetCore.DataProtection.KeyManagement.XmlKeyManager|User profile is available. Using '/home/berzat-babur/.aspnet/DataProtection-Keys' as key repository; keys will not be encrypted at rest.
2026-03-06 15:18:10.7191|INFO|Microsoft.AspNetCore.DataProtection.KeyManagement.XmlKeyManager|Creating key {8131adbb-7297-410c-88d5-d6ea6212a738} with creation date 2026-03-06 12:18:10Z, activation date 2026-03-06 12:18:10Z, and expiration date 2026-06-04 12:18:10Z.
2026-03-06 15:18:10.7227|WARN|Microsoft.AspNetCore.DataProtection.KeyManagement.XmlKeyManager|No XML encryptor configured. Key {8131adbb-7297-410c-88d5-d6ea6212a738} may be persisted to storage in unencrypted form.
2026-03-06 15:18:10.7240|INFO|Microsoft.AspNetCore.DataProtection.Repositories.FileSystemXmlRepository|Writing data to file '/home/berzat-babur/.aspnet/DataProtection-Keys/key-8131adbb-7297-410c-88d5-d6ea6212a738.xml'.
2026-03-06 15:18:10.7618|ERROR|Microsoft.Extensions.Hosting.Internal.Host|Hosting failed to start
System.IO.IOException: Failed to bind to address http://127.0.0.1:5010: address already in use.
 ---> Microsoft.AspNetCore.Connections.AddressInUseException: Address already in use
 ---> System.Net.Sockets.SocketException (98): Address already in use
   at System.Net.Sockets.Socket.UpdateStatusAfterSocketErrorAndThrowException(SocketError error, Boolean disconnectOnFailure, String callerName)
   at System.Net.Sockets.Socket.DoBind(EndPoint endPointSnapshot, SocketAddress socketAddress)
   at System.Net.Sockets.Socket.Bind(EndPoint localEP)
   at Microsoft.AspNetCore.Server.Kestrel.Transport.Sockets.SocketTransportOptions.CreateDefaultBoundListenSocket(EndPoint endpoint)
   at Microsoft.AspNetCore.Server.Kestrel.Transport.Sockets.SocketConnectionListener.Bind()
   --- End of inner exception stack trace ---
   at Microsoft.AspNetCore.Server.Kestrel.Transport.Sockets.SocketConnectionListener.Bind()
   at Microsoft.AspNetCore.Server.Kestrel.Transport.Sockets.SocketTransportFactory.BindAsync(EndPoint endpoint, CancellationToken cancellationToken)
   at Microsoft.AspNetCore.Server.Kestrel.Core.Internal.Infrastructure.TransportManager.BindAsync(EndPoint endPoint, ConnectionDelegate connectionDelegate, EndpointConfig endpointConfig, CancellationToken cancellationToken)
   at Microsoft.AspNetCore.Server.Kestrel.Core.KestrelServerImpl.<>c__DisplayClass28_0`1.<<StartAsync>g__OnBind|0>d.MoveNext()
--- End of stack trace from previous location ---
   at Microsoft.AspNetCore.Server.Kestrel.Core.Internal.AddressBinder.BindEndpointAsync(ListenOptions endpoint, AddressBindContext context, CancellationToken cancellationToken)
   --- End of inner exception stack trace ---
   at Microsoft.AspNetCore.Server.Kestrel.Core.Internal.AddressBinder.BindEndpointAsync(ListenOptions endpoint, AddressBindContext context, CancellationToken cancellationToken)
   at Microsoft.AspNetCore.Server.Kestrel.Core.LocalhostListenOptions.BindAsync(AddressBindContext context, CancellationToken cancellationToken)
   at Microsoft.AspNetCore.Server.Kestrel.Core.Internal.AddressBinder.AddressesStrategy.BindAsync(AddressBindContext context, CancellationToken cancellationToken)
   at Microsoft.AspNetCore.Server.Kestrel.Core.Internal.AddressBinder.BindAsync(ListenOptions[] listenOptions, AddressBindContext context, Func`2 useHttps, CancellationToken cancellationToken)
   at Microsoft.AspNetCore.Server.Kestrel.Core.KestrelServerImpl.BindAsync(CancellationToken cancellationToken)
   at Microsoft.AspNetCore.Server.Kestrel.Core.KestrelServerImpl.StartAsync[TContext](IHttpApplication`1 application, CancellationToken cancellationToken)
   at Microsoft.AspNetCore.Hosting.GenericWebHostService.StartAsync(CancellationToken cancellationToken)
   at Microsoft.Extensions.Hosting.Internal.Host.<StartAsync>b__15_1(IHostedService service, CancellationToken token)
   at Microsoft.Extensions.Hosting.Internal.Host.ForeachService[T](IEnumerable`1 services, CancellationToken token, Boolean concurrent, Boolean abortOnFirstException, List`1 exceptions, Func`3 operation)
2026-03-06 15:19:26.8845|INFO|Microsoft.EntityFrameworkCore.Database.Command|Executed DbCommand (16ms) [Parameters=[], CommandType='Text', CommandTimeout='30']
SELECT 1
2026-03-06 15:19:26.9275|INFO|Microsoft.EntityFrameworkCore.Database.Command|Executed DbCommand (11ms) [Parameters=[], CommandType='Text', CommandTimeout='30']
SELECT OBJECT_ID(N'[__EFMigrationsHistory]');
2026-03-06 15:19:26.9305|INFO|Microsoft.EntityFrameworkCore.Database.Command|Executed DbCommand (2ms) [Parameters=[], CommandType='Text', CommandTimeout='30']
SELECT 1
2026-03-06 15:19:26.9315|INFO|Microsoft.EntityFrameworkCore.Database.Command|Executed DbCommand (1ms) [Parameters=[], CommandType='Text', CommandTimeout='30']
SELECT OBJECT_ID(N'[__EFMigrationsHistory]');
2026-03-06 15:19:26.9447|INFO|Microsoft.EntityFrameworkCore.Database.Command|Executed DbCommand (1ms) [Parameters=[], CommandType='Text', CommandTimeout='30']
SELECT [MigrationId], [ProductVersion]
FROM [__EFMigrationsHistory]
ORDER BY [MigrationId];
2026-03-06 15:19:26.9550|INFO|Microsoft.EntityFrameworkCore.Migrations|No migrations were applied. The database is already up to date.
2026-03-06 15:19:27.0085|INFO|Microsoft.AspNetCore.DataProtection.KeyManagement.XmlKeyManager|User profile is available. Using '/home/berzat-babur/.aspnet/DataProtection-Keys' as key repository; keys will not be encrypted at rest.
2026-03-06 15:19:27.0724|INFO|Microsoft.Hosting.Lifetime|Now listening on: http://localhost:5010
2026-03-06 15:19:27.0734|INFO|Microsoft.Hosting.Lifetime|Application started. Press Ctrl+C to shut down.
2026-03-06 15:19:27.0734|INFO|Microsoft.Hosting.Lifetime|Hosting environment: Development
2026-03-06 15:19:27.0734|INFO|Microsoft.Hosting.Lifetime|Content root path: /home/berzat-babur/Desktop/Telefon_Rehber_Uygulaması/TelefonRehberApi
2026-03-06 15:21:45.0582|INFO|Microsoft.Hosting.Lifetime|Application is shutting down...
2026-03-06 15:21:53.2164|INFO|Microsoft.EntityFrameworkCore.Database.Command|Executed DbCommand (15ms) [Parameters=[], CommandType='Text', CommandTimeout='30']
SELECT 1
2026-03-06 15:21:53.2672|INFO|Microsoft.EntityFrameworkCore.Database.Command|Executed DbCommand (13ms) [Parameters=[], CommandType='Text', CommandTimeout='30']
SELECT OBJECT_ID(N'[__EFMigrationsHistory]');
2026-03-06 15:21:53.2707|INFO|Microsoft.EntityFrameworkCore.Database.Command|Executed DbCommand (2ms) [Parameters=[], CommandType='Text', CommandTimeout='30']
SELECT 1
2026-03-06 15:21:53.2723|INFO|Microsoft.EntityFrameworkCore.Database.Command|Executed DbCommand (1ms) [Parameters=[], CommandType='Text', CommandTimeout='30']
SELECT OBJECT_ID(N'[__EFMigrationsHistory]');
2026-03-06 15:21:53.2886|INFO|Microsoft.EntityFrameworkCore.Database.Command|Executed DbCommand (2ms) [Parameters=[], CommandType='Text', CommandTimeout='30']
SELECT [MigrationId], [ProductVersion]
FROM [__EFMigrationsHistory]
ORDER BY [MigrationId];
2026-03-06 15:21:53.3036|INFO|Microsoft.EntityFrameworkCore.Migrations|No migrations were applied. The database is already up to date.
2026-03-06 15:21:53.3892|INFO|Microsoft.AspNetCore.DataProtection.KeyManagement.XmlKeyManager|User profile is available. Using '/home/berzat-babur/.aspnet/DataProtection-Keys' as key repository; keys will not be encrypted at rest.
2026-03-06 15:21:53.4621|INFO|Microsoft.Hosting.Lifetime|Now listening on: http://localhost:5010
2026-03-06 15:21:53.4635|INFO|Microsoft.Hosting.Lifetime|Application started. Press Ctrl+C to shut down.
2026-03-06 15:21:53.4643|INFO|Microsoft.Hosting.Lifetime|Hosting environment: Development
2026-03-06 15:21:53.4643|INFO|Microsoft.Hosting.Lifetime|Content root path: /home/berzat-babur/Desktop/Telefon_Rehber_Uygulaması/TelefonRehberApi
2026-03-06 15:22:08.3514|INFO|Microsoft.AspNetCore.Hosting.Diagnostics|Request starting HTTP/1.1 GET http://localhost:5010/swagger - - -
2026-03-06 15:22:08.4013|INFO|Microsoft.AspNetCore.Hosting.Diagnostics|Request finished HTTP/1.1 GET http://localhost:5010/swagger - 301 0 - 50.1019ms
2026-03-06 15:22:08.4054|INFO|Microsoft.AspNetCore.Hosting.Diagnostics|Request starting HTTP/1.1 GET http://localhost:5010/swagger/index.html - - -
2026-03-06 15:22:08.4595|INFO|Microsoft.AspNetCore.Hosting.Diagnostics|Request finished HTTP/1.1 GET http://localhost:5010/swagger/index.html - 200 - text/html;charset=utf-8 54.0502ms
2026-03-06 15:22:08.4744|INFO|Microsoft.AspNetCore.Hosting.Diagnostics|Request starting HTTP/1.1 GET http://localhost:5010/swagger/swagger-ui.css - - -
2026-03-06 15:22:08.4755|INFO|Microsoft.AspNetCore.Hosting.Diagnostics|Request starting HTTP/1.1 GET http://localhost:5010/swagger/swagger-ui-bundle.js - - -
2026-03-06 15:22:08.4755|INFO|Microsoft.AspNetCore.Hosting.Diagnostics|Request starting HTTP/1.1 GET http://localhost:5010/swagger/swagger-ui-standalone-preset.js - - -
2026-03-06 15:22:08.4936|INFO|Microsoft.AspNetCore.StaticFiles.StaticFileMiddleware|Sending file. Request path: '/swagger-ui-bundle.js'. Physical path: 'N/A'
2026-03-06 15:22:08.4936|INFO|Microsoft.AspNetCore.StaticFiles.StaticFileMiddleware|Sending file. Request path: '/swagger-ui-standalone-preset.js'. Physical path: 'N/A'
2026-03-06 15:22:08.4936|INFO|Microsoft.AspNetCore.StaticFiles.StaticFileMiddleware|Sending file. Request path: '/swagger-ui.css'. Physical path: 'N/A'
2026-03-06 15:22:08.4956|INFO|Microsoft.AspNetCore.Hosting.Diagnostics|Request finished HTTP/1.1 GET http://localhost:5010/swagger/swagger-ui-standalone-preset.js - 200 230280 text/javascript 19.6525ms
2026-03-06 15:22:08.4963|INFO|Microsoft.AspNetCore.Hosting.Diagnostics|Request finished HTTP/1.1 GET http://localhost:5010/swagger/swagger-ui-bundle.js - 200 1456926 text/javascript 20.8019ms
2026-03-06 15:22:08.4963|INFO|Microsoft.AspNetCore.Hosting.Diagnostics|Request finished HTTP/1.1 GET http://localhost:5010/swagger/swagger-ui.css - 200 152034 text/css 21.8718ms
2026-03-06 15:22:08.6629|INFO|Microsoft.AspNetCore.Hosting.Diagnostics|Request starting HTTP/1.1 GET http://localhost:5010/swagger/v1/swagger.json - - -
2026-03-06 15:22:08.7517|INFO|Microsoft.AspNetCore.Hosting.Diagnostics|Request finished HTTP/1.1 GET http://localhost:5010/swagger/v1/swagger.json - 200 - application/json;charset=utf-8 88.6970ms
2026-03-06 15:27:21.1681|INFO|Microsoft.Hosting.Lifetime|Application is shutting down...
2026-03-06 15:27:36.2341|INFO|Microsoft.EntityFrameworkCore.Database.Command|Executed DbCommand (20ms) [Parameters=[], CommandType='Text', CommandTimeout='30']
SELECT 1
2026-03-06 15:27:36.2918|INFO|Microsoft.EntityFrameworkCore.Database.Command|Executed DbCommand (14ms) [Parameters=[], CommandType='Text', CommandTimeout='30']
SELECT OBJECT_ID(N'[__EFMigrationsHistory]');
2026-03-06 15:27:36.2965|INFO|Microsoft.EntityFrameworkCore.Database.Command|Executed DbCommand (3ms) [Parameters=[], CommandType='Text', CommandTimeout='30']
SELECT 1
2026-03-06 15:27:36.2984|INFO|Microsoft.EntityFrameworkCore.Database.Command|Executed DbCommand (1ms) [Parameters=[], CommandType='Text', CommandTimeout='30']
SELECT OBJECT_ID(N'[__EFMigrationsHistory]');
2026-03-06 15:27:36.3188|INFO|Microsoft.EntityFrameworkCore.Database.Command|Executed DbCommand (2ms) [Parameters=[], CommandType='Text', CommandTimeout='30']
SELECT [MigrationId], [ProductVersion]
FROM [__EFMigrationsHistory]
ORDER BY [MigrationId];
2026-03-06 15:27:36.3383|INFO|Microsoft.EntityFrameworkCore.Migrations|No migrations were applied. The database is already up to date.
2026-03-06 15:27:36.4387|INFO|Microsoft.AspNetCore.DataProtection.KeyManagement.XmlKeyManager|User profile is available. Using '/home/berzat-babur/.aspnet/DataProtection-Keys' as key repository; keys will not be encrypted at rest.
2026-03-06 15:27:36.5010|INFO|Microsoft.Hosting.Lifetime|Now listening on: http://localhost:5010
2026-03-06 15:27:36.5023|INFO|Microsoft.Hosting.Lifetime|Application started. Press Ctrl+C to shut down.
2026-03-06 15:27:36.5023|INFO|Microsoft.Hosting.Lifetime|Hosting environment: Development
2026-03-06 15:27:36.5023|INFO|Microsoft.Hosting.Lifetime|Content root path: /home/berzat-babur/Desktop/Telefon_Rehber_Uygulaması/TelefonRehberApi
2026-03-06 15:28:12.0560|INFO|Microsoft.AspNetCore.Hosting.Diagnostics|Request starting HTTP/1.1 GET http://localhost:5010/swagger/index.html - - -
2026-03-06 15:28:12.1587|INFO|Microsoft.AspNetCore.Hosting.Diagnostics|Request finished HTTP/1.1 GET http://localhost:5010/swagger/index.html - 200 - text/html;charset=utf-8 102.9420ms
2026-03-06 15:28:12.3460|INFO|Microsoft.AspNetCore.Hosting.Diagnostics|Request starting HTTP/1.1 GET http://localhost:5010/swagger/v1/swagger.json - - -
2026-03-06 15:28:12.4349|INFO|Microsoft.AspNetCore.Hosting.Diagnostics|Request finished HTTP/1.1 GET http://localhost:5010/swagger/v1/swagger.json - 200 - application/json;charset=utf-8 88.8179ms
2026-03-06 15:30:26.7939|INFO|Microsoft.AspNetCore.Hosting.Diagnostics|Request starting HTTP/1.1 GET http://localhost:38593/api/contacts - - -
2026-03-06 15:30:26.8016|WARN|Microsoft.AspNetCore.HttpsPolicy.HttpsRedirectionMiddleware|Failed to determine the https port for redirect.
2026-03-06 15:30:26.8027|INFO|Microsoft.AspNetCore.Routing.EndpointMiddleware|Executing endpoint 'TelefonRehberApi.Controllers.ContactsController.GetAll (TelefonRehberApi)'
2026-03-06 15:30:26.8239|INFO|Microsoft.AspNetCore.Mvc.Infrastructure.ControllerActionInvoker|Route matched with {action = "GetAll", controller = "Contacts"}. Executing controller action with signature System.Threading.Tasks.Task`1[Microsoft.AspNetCore.Mvc.ActionResult`1[System.Collections.Generic.IEnumerable`1[TelefonRehberApi.Models.Contact]]] GetAll() on controller TelefonRehberApi.Controllers.ContactsController (TelefonRehberApi).
2026-03-06 15:30:26.8280|INFO|TelefonRehberApi.Controllers.ContactsController|Contacts list requested
2026-03-06 15:30:27.0744|INFO|Microsoft.EntityFrameworkCore.Database.Command|Executed DbCommand (19ms) [Parameters=[], CommandType='Text', CommandTimeout='30']
SELECT [c].[Id], [c].[Address], [c].[CreatedAt], [c].[Email], [c].[FirstName], [c].[LastName], [c].[Notes], [c].[PhoneNumber], [c].[UpdatedAt], [c].[UserId]
FROM [Contacts] AS [c]
ORDER BY [c].[FirstName], [c].[LastName]
2026-03-06 15:30:27.1254|INFO|TelefonRehberApi.Controllers.ContactsController|Returning 1 contacts
2026-03-06 15:30:27.1311|INFO|Microsoft.AspNetCore.Mvc.Infrastructure.ObjectResultExecutor|Executing OkObjectResult, writing value of type 'System.Collections.Generic.List`1[[TelefonRehberApi.Models.Contact, TelefonRehberApi, Version=1.0.0.0, Culture=neutral, PublicKeyToken=null]]'.
2026-03-06 15:30:27.1542|INFO|Microsoft.AspNetCore.Mvc.Infrastructure.ControllerActionInvoker|Executed action TelefonRehberApi.Controllers.ContactsController.GetAll (TelefonRehberApi) in 326.0292ms
2026-03-06 15:30:27.1542|INFO|Microsoft.AspNetCore.Routing.EndpointMiddleware|Executed endpoint 'TelefonRehberApi.Controllers.ContactsController.GetAll (TelefonRehberApi)'
2026-03-06 15:30:27.1585|INFO|Microsoft.AspNetCore.Hosting.Diagnostics|Request finished HTTP/1.1 GET http://localhost:38593/api/contacts - 200 - application/json;+charset=utf-8 364.5432ms
2026-03-06 15:33:01.3001|INFO|Microsoft.AspNetCore.Hosting.Diagnostics|Request starting HTTP/1.1 GET http://localhost:38593/api/contacts - - -
2026-03-06 15:33:01.3018|INFO|Microsoft.AspNetCore.Routing.EndpointMiddleware|Executing endpoint 'TelefonRehberApi.Controllers.ContactsController.GetAll (TelefonRehberApi)'
2026-03-06 15:33:01.3031|INFO|Microsoft.AspNetCore.Mvc.Infrastructure.ControllerActionInvoker|Route matched with {action = "GetAll", controller = "Contacts"}. Executing controller action with signature System.Threading.Tasks.Task`1[Microsoft.AspNetCore.Mvc.ActionResult`1[System.Collections.Generic.IEnumerable`1[TelefonRehberApi.Models.Contact]]] GetAll() on controller TelefonRehberApi.Controllers.ContactsController (TelefonRehberApi).
2026-03-06 15:33:01.3058|INFO|TelefonRehberApi.Controllers.ContactsController|Contacts list requested
2026-03-06 15:33:01.3781|INFO|Microsoft.EntityFrameworkCore.Database.Command|Executed DbCommand (5ms) [Parameters=[], CommandType='Text', CommandTimeout='30']
SELECT [c].[Id], [c].[Address], [c].[CreatedAt], [c].[Email], [c].[FirstName], [c].[LastName], [c].[Notes], [c].[PhoneNumber], [c].[UpdatedAt], [c].[UserId]
FROM [Contacts] AS [c]
ORDER BY [c].[FirstName], [c].[LastName]
2026-03-06 15:33:01.3781|INFO|TelefonRehberApi.Controllers.ContactsController|Returning 1 contacts
2026-03-06 15:33:01.3793|INFO|Microsoft.AspNetCore.Mvc.Infrastructure.ObjectResultExecutor|Executing OkObjectResult, writing value of type 'System.Collections.Generic.List`1[[TelefonRehberApi.Models.Contact, TelefonRehberApi, Version=1.0.0.0, Culture=neutral, PublicKeyToken=null]]'.
2026-03-06 15:33:01.3793|INFO|Microsoft.AspNetCore.Mvc.Infrastructure.ControllerActionInvoker|Executed action TelefonRehberApi.Controllers.ContactsController.GetAll (TelefonRehberApi) in 76.5039ms
2026-03-06 15:33:01.3793|INFO|Microsoft.AspNetCore.Routing.EndpointMiddleware|Executed endpoint 'TelefonRehberApi.Controllers.ContactsController.GetAll (TelefonRehberApi)'
2026-03-06 15:33:01.3801|INFO|Microsoft.AspNetCore.Hosting.Diagnostics|Request finished HTTP/1.1 GET http://localhost:38593/api/contacts - 200 - application/json;+charset=utf-8 80.0115ms
2026-03-06 15:33:20.5513|INFO|Microsoft.AspNetCore.Hosting.Diagnostics|Request starting HTTP/1.1 POST http://localhost:38593/api/contacts - application/json 103
2026-03-06 15:33:20.5523|INFO|Microsoft.AspNetCore.Cors.Infrastructure.CorsService|CORS policy execution failed.
2026-03-06 15:33:20.5523|INFO|Microsoft.AspNetCore.Cors.Infrastructure.CorsService|Request origin http://localhost:38593 does not have permission to access the resource.
2026-03-06 15:33:20.5523|INFO|Microsoft.AspNetCore.Routing.EndpointMiddleware|Executing endpoint 'TelefonRehberApi.Controllers.ContactsController.Create (TelefonRehberApi)'
2026-03-06 15:33:20.5619|INFO|Microsoft.AspNetCore.Mvc.Infrastructure.ControllerActionInvoker|Route matched with {action = "Create", controller = "Contacts"}. Executing controller action with signature System.Threading.Tasks.Task`1[Microsoft.AspNetCore.Mvc.ActionResult`1[TelefonRehberApi.Models.Contact]] Create(TelefonRehberApi.Models.Contact) on controller TelefonRehberApi.Controllers.ContactsController (TelefonRehberApi).
2026-03-06 15:33:20.5842|INFO|Microsoft.AspNetCore.Mvc.Infrastructure.ObjectResultExecutor|Executing BadRequestObjectResult, writing value of type 'Microsoft.AspNetCore.Mvc.ValidationProblemDetails'.
2026-03-06 15:33:20.5973|INFO|Microsoft.AspNetCore.Mvc.Infrastructure.ControllerActionInvoker|Executed action TelefonRehberApi.Controllers.ContactsController.Create (TelefonRehberApi) in 34.6976ms
2026-03-06 15:33:20.5973|INFO|Microsoft.AspNetCore.Routing.EndpointMiddleware|Executed endpoint 'TelefonRehberApi.Controllers.ContactsController.Create (TelefonRehberApi)'
2026-03-06 15:33:20.5981|INFO|Microsoft.AspNetCore.Hosting.Diagnostics|Request finished HTTP/1.1 POST http://localhost:38593/api/contacts - 400 - application/problem+json;+charset=utf-8 46.7370ms
2026-03-06 15:33:25.5182|INFO|Microsoft.AspNetCore.Hosting.Diagnostics|Request starting HTTP/1.1 POST http://localhost:38593/api/contacts - application/json 103
2026-03-06 15:33:25.5182|INFO|Microsoft.AspNetCore.Cors.Infrastructure.CorsService|CORS policy execution failed.
2026-03-06 15:33:25.5182|INFO|Microsoft.AspNetCore.Cors.Infrastructure.CorsService|Request origin http://localhost:38593 does not have permission to access the resource.
2026-03-06 15:33:25.5182|INFO|Microsoft.AspNetCore.Routing.EndpointMiddleware|Executing endpoint 'TelefonRehberApi.Controllers.ContactsController.Create (TelefonRehberApi)'
2026-03-06 15:33:25.5191|INFO|Microsoft.AspNetCore.Mvc.Infrastructure.ControllerActionInvoker|Route matched with {action = "Create", controller = "Contacts"}. Executing controller action with signature System.Threading.Tasks.Task`1[Microsoft.AspNetCore.Mvc.ActionResult`1[TelefonRehberApi.Models.Contact]] Create(TelefonRehberApi.Models.Contact) on controller TelefonRehberApi.Controllers.ContactsController (TelefonRehberApi).
2026-03-06 15:33:25.5203|INFO|Microsoft.AspNetCore.Mvc.Infrastructure.ObjectResultExecutor|Executing BadRequestObjectResult, writing value of type 'Microsoft.AspNetCore.Mvc.ValidationProblemDetails'.
2026-03-06 15:33:25.5203|INFO|Microsoft.AspNetCore.Mvc.Infrastructure.ControllerActionInvoker|Executed action TelefonRehberApi.Controllers.ContactsController.Create (TelefonRehberApi) in 1.3807ms
2026-03-06 15:33:25.5203|INFO|Microsoft.AspNetCore.Routing.EndpointMiddleware|Executed endpoint 'TelefonRehberApi.Controllers.ContactsController.Create (TelefonRehberApi)'
2026-03-06 15:33:25.5203|INFO|Microsoft.AspNetCore.Hosting.Diagnostics|Request finished HTTP/1.1 POST http://localhost:38593/api/contacts - 400 - application/problem+json;+charset=utf-8 2.5908ms
2026-03-06 15:33:26.9903|INFO|Microsoft.AspNetCore.Hosting.Diagnostics|Request starting HTTP/1.1 POST http://localhost:38593/api/contacts - application/json 103
2026-03-06 15:33:26.9903|INFO|Microsoft.AspNetCore.Cors.Infrastructure.CorsService|CORS policy execution failed.
2026-03-06 15:33:26.9903|INFO|Microsoft.AspNetCore.Cors.Infrastructure.CorsService|Request origin http://localhost:38593 does not have permission to access the resource.
2026-03-06 15:33:26.9903|INFO|Microsoft.AspNetCore.Routing.EndpointMiddleware|Executing endpoint 'TelefonRehberApi.Controllers.ContactsController.Create (TelefonRehberApi)'
2026-03-06 15:33:26.9903|INFO|Microsoft.AspNetCore.Mvc.Infrastructure.ControllerActionInvoker|Route matched with {action = "Create", controller = "Contacts"}. Executing controller action with signature System.Threading.Tasks.Task`1[Microsoft.AspNetCore.Mvc.ActionResult`1[TelefonRehberApi.Models.Contact]] Create(TelefonRehberApi.Models.Contact) on controller TelefonRehberApi.Controllers.ContactsController (TelefonRehberApi).
2026-03-06 15:33:26.9914|INFO|Microsoft.AspNetCore.Mvc.Infrastructure.ObjectResultExecutor|Executing BadRequestObjectResult, writing value of type 'Microsoft.AspNetCore.Mvc.ValidationProblemDetails'.
2026-03-06 15:33:26.9914|INFO|Microsoft.AspNetCore.Mvc.Infrastructure.ControllerActionInvoker|Executed action TelefonRehberApi.Controllers.ContactsController.Create (TelefonRehberApi) in 0.7507ms
2026-03-06 15:33:26.9914|INFO|Microsoft.AspNetCore.Routing.EndpointMiddleware|Executed endpoint 'TelefonRehberApi.Controllers.ContactsController.Create (TelefonRehberApi)'
2026-03-06 15:33:26.9914|INFO|Microsoft.AspNetCore.Hosting.Diagnostics|Request finished HTTP/1.1 POST http://localhost:38593/api/contacts - 400 - application/problem+json;+charset=utf-8 1.4236ms
2026-03-06 15:33:27.1465|INFO|Microsoft.AspNetCore.Hosting.Diagnostics|Request starting HTTP/1.1 POST http://localhost:38593/api/contacts - application/json 103
2026-03-06 15:33:27.1465|INFO|Microsoft.AspNetCore.Cors.Infrastructure.CorsService|CORS policy execution failed.
2026-03-06 15:33:27.1465|INFO|Microsoft.AspNetCore.Cors.Infrastructure.CorsService|Request origin http://localhost:38593 does not have permission to access the resource.
2026-03-06 15:33:27.1465|INFO|Microsoft.AspNetCore.Routing.EndpointMiddleware|Executing endpoint 'TelefonRehberApi.Controllers.ContactsController.Create (TelefonRehberApi)'
2026-03-06 15:33:27.1465|INFO|Microsoft.AspNetCore.Mvc.Infrastructure.ControllerActionInvoker|Route matched with {action = "Create", controller = "Contacts"}. Executing controller action with signature System.Threading.Tasks.Task`1[Microsoft.AspNetCore.Mvc.ActionResult`1[TelefonRehberApi.Models.Contact]] Create(TelefonRehberApi.Models.Contact) on controller TelefonRehberApi.Controllers.ContactsController (TelefonRehberApi).
2026-03-06 15:33:27.1476|INFO|Microsoft.AspNetCore.Mvc.Infrastructure.ObjectResultExecutor|Executing BadRequestObjectResult, writing value of type 'Microsoft.AspNetCore.Mvc.ValidationProblemDetails'.
2026-03-06 15:33:27.1476|INFO|Microsoft.AspNetCore.Mvc.Infrastructure.ControllerActionInvoker|Executed action TelefonRehberApi.Controllers.ContactsController.Create (TelefonRehberApi) in 0.8055ms
2026-03-06 15:33:27.1476|INFO|Microsoft.AspNetCore.Routing.EndpointMiddleware|Executed endpoint 'TelefonRehberApi.Controllers.ContactsController.Create (TelefonRehberApi)'
2026-03-06 15:33:27.1476|INFO|Microsoft.AspNetCore.Hosting.Diagnostics|Request finished HTTP/1.1 POST http://localhost:38593/api/contacts - 400 - application/problem+json;+charset=utf-8 1.4029ms
2026-03-06 15:33:27.3258|INFO|Microsoft.AspNetCore.Hosting.Diagnostics|Request starting HTTP/1.1 POST http://localhost:38593/api/contacts - application/json 103
2026-03-06 15:33:27.3258|INFO|Microsoft.AspNetCore.Cors.Infrastructure.CorsService|CORS policy execution failed.
2026-03-06 15:33:27.3262|INFO|Microsoft.AspNetCore.Cors.Infrastructure.CorsService|Request origin http://localhost:38593 does not have permission to access the resource.
2026-03-06 15:33:27.3262|INFO|Microsoft.AspNetCore.Routing.EndpointMiddleware|Executing endpoint 'TelefonRehberApi.Controllers.ContactsController.Create (TelefonRehberApi)'
2026-03-06 15:33:27.3262|INFO|Microsoft.AspNetCore.Mvc.Infrastructure.ControllerActionInvoker|Route matched with {action = "Create", controller = "Contacts"}. Executing controller action with signature System.Threading.Tasks.Task`1[Microsoft.AspNetCore.Mvc.ActionResult`1[TelefonRehberApi.Models.Contact]] Create(TelefonRehberApi.Models.Contact) on controller TelefonRehberApi.Controllers.ContactsController (TelefonRehberApi).
2026-03-06 15:33:27.3262|INFO|Microsoft.AspNetCore.Mvc.Infrastructure.ObjectResultExecutor|Executing BadRequestObjectResult, writing value of type 'Microsoft.AspNetCore.Mvc.ValidationProblemDetails'.
2026-03-06 15:33:27.3273|INFO|Microsoft.AspNetCore.Mvc.Infrastructure.ControllerActionInvoker|Executed action TelefonRehberApi.Controllers.ContactsController.Create (TelefonRehberApi) in 0.8984ms
2026-03-06 15:33:27.3273|INFO|Microsoft.AspNetCore.Routing.EndpointMiddleware|Executed endpoint 'TelefonRehberApi.Controllers.ContactsController.Create (TelefonRehberApi)'
2026-03-06 15:33:27.3273|INFO|Microsoft.AspNetCore.Hosting.Diagnostics|Request finished HTTP/1.1 POST http://localhost:38593/api/contacts - 400 - application/problem+json;+charset=utf-8 1.6084ms
2026-03-06 15:34:12.2755|INFO|Microsoft.AspNetCore.Hosting.Diagnostics|Request starting HTTP/1.1 POST http://localhost:5010/api/contacts - application/json 103
2026-03-06 15:34:12.2755|INFO|Microsoft.AspNetCore.Routing.EndpointMiddleware|Executing endpoint 'TelefonRehberApi.Controllers.ContactsController.Create (TelefonRehberApi)'
2026-03-06 15:34:12.2755|INFO|Microsoft.AspNetCore.Mvc.Infrastructure.ControllerActionInvoker|Route matched with {action = "Create", controller = "Contacts"}. Executing controller action with signature System.Threading.Tasks.Task`1[Microsoft.AspNetCore.Mvc.ActionResult`1[TelefonRehberApi.Models.Contact]] Create(TelefonRehberApi.Models.Contact) on controller TelefonRehberApi.Controllers.ContactsController (TelefonRehberApi).
2026-03-06 15:34:12.2770|INFO|Microsoft.AspNetCore.Mvc.Infrastructure.ObjectResultExecutor|Executing BadRequestObjectResult, writing value of type 'Microsoft.AspNetCore.Mvc.ValidationProblemDetails'.
2026-03-06 15:34:12.2772|INFO|Microsoft.AspNetCore.Mvc.Infrastructure.ControllerActionInvoker|Executed action TelefonRehberApi.Controllers.ContactsController.Create (TelefonRehberApi) in 1.1391ms
2026-03-06 15:34:12.2772|INFO|Microsoft.AspNetCore.Routing.EndpointMiddleware|Executed endpoint 'TelefonRehberApi.Controllers.ContactsController.Create (TelefonRehberApi)'
2026-03-06 15:34:12.2772|INFO|Microsoft.AspNetCore.Hosting.Diagnostics|Request finished HTTP/1.1 POST http://localhost:5010/api/contacts - 400 - application/problem+json;+charset=utf-8 1.8616ms
2026-03-06 15:34:53.1710|INFO|Microsoft.AspNetCore.Hosting.Diagnostics|Request starting HTTP/1.1 POST http://localhost:5010/api/contacts - application/json 103
2026-03-06 15:34:53.1714|INFO|Microsoft.AspNetCore.Routing.EndpointMiddleware|Executing endpoint 'TelefonRehberApi.Controllers.ContactsController.Create (TelefonRehberApi)'
2026-03-06 15:34:53.1714|INFO|Microsoft.AspNetCore.Mvc.Infrastructure.ControllerActionInvoker|Route matched with {action = "Create", controller = "Contacts"}. Executing controller action with signature System.Threading.Tasks.Task`1[Microsoft.AspNetCore.Mvc.ActionResult`1[TelefonRehberApi.Models.Contact]] Create(TelefonRehberApi.Models.Contact) on controller TelefonRehberApi.Controllers.ContactsController (TelefonRehberApi).
2026-03-06 15:34:53.1723|INFO|Microsoft.AspNetCore.Mvc.Infrastructure.ObjectResultExecutor|Executing BadRequestObjectResult, writing value of type 'Microsoft.AspNetCore.Mvc.ValidationProblemDetails'.
2026-03-06 15:34:53.1723|INFO|Microsoft.AspNetCore.Mvc.Infrastructure.ControllerActionInvoker|Executed action TelefonRehberApi.Controllers.ContactsController.Create (TelefonRehberApi) in 0.9772ms
2026-03-06 15:34:53.1723|INFO|Microsoft.AspNetCore.Routing.EndpointMiddleware|Executed endpoint 'TelefonRehberApi.Controllers.ContactsController.Create (TelefonRehberApi)'
2026-03-06 15:34:53.1723|INFO|Microsoft.AspNetCore.Hosting.Diagnostics|Request finished HTTP/1.1 POST http://localhost:5010/api/contacts - 400 - application/problem+json;+charset=utf-8 1.6881ms
2026-03-06 15:35:06.3432|INFO|Microsoft.Hosting.Lifetime|Application is shutting down...
2026-03-06 15:35:11.6471|INFO|Microsoft.EntityFrameworkCore.Database.Command|Executed DbCommand (16ms) [Parameters=[], CommandType='Text', CommandTimeout='30']
SELECT 1
2026-03-06 15:35:11.6944|INFO|Microsoft.EntityFrameworkCore.Database.Command|Executed DbCommand (12ms) [Parameters=[], CommandType='Text', CommandTimeout='30']
SELECT OBJECT_ID(N'[__EFMigrationsHistory]');
2026-03-06 15:35:11.6984|INFO|Microsoft.EntityFrameworkCore.Database.Command|Executed DbCommand (2ms) [Parameters=[], CommandType='Text', CommandTimeout='30']
SELECT 1
2026-03-06 15:35:11.7002|INFO|Microsoft.EntityFrameworkCore.Database.Command|Executed DbCommand (1ms) [Parameters=[], CommandType='Text', CommandTimeout='30']
SELECT OBJECT_ID(N'[__EFMigrationsHistory]');
2026-03-06 15:35:11.7170|INFO|Microsoft.EntityFrameworkCore.Database.Command|Executed DbCommand (2ms) [Parameters=[], CommandType='Text', CommandTimeout='30']
SELECT [MigrationId], [ProductVersion]
FROM [__EFMigrationsHistory]
ORDER BY [MigrationId];
2026-03-06 15:35:11.7320|INFO|Microsoft.EntityFrameworkCore.Migrations|No migrations were applied. The database is already up to date.
2026-03-06 15:35:11.8328|INFO|Microsoft.AspNetCore.DataProtection.KeyManagement.XmlKeyManager|User profile is available. Using '/home/berzat-babur/.aspnet/DataProtection-Keys' as key repository; keys will not be encrypted at rest.
2026-03-06 15:35:11.9183|INFO|Microsoft.Hosting.Lifetime|Now listening on: http://localhost:5010
2026-03-06 15:35:11.9201|INFO|Microsoft.Hosting.Lifetime|Application started. Press Ctrl+C to shut down.
2026-03-06 15:35:11.9201|INFO|Microsoft.Hosting.Lifetime|Hosting environment: Development
2026-03-06 15:35:11.9201|INFO|Microsoft.Hosting.Lifetime|Content root path: /home/berzat-babur/Desktop/Telefon_Rehber_Uygulaması/TelefonRehberApi
2026-03-06 15:35:32.7517|INFO|Microsoft.AspNetCore.Hosting.Diagnostics|Request starting HTTP/1.1 POST http://localhost:5010/api/contacts - application/json 103
2026-03-06 15:35:32.8037|WARN|Microsoft.AspNetCore.HttpsPolicy.HttpsRedirectionMiddleware|Failed to determine the https port for redirect.
2026-03-06 15:35:32.8049|INFO|Microsoft.AspNetCore.Routing.EndpointMiddleware|Executing endpoint 'TelefonRehberApi.Controllers.ContactsController.Create (TelefonRehberApi)'
2026-03-06 15:35:32.8255|INFO|Microsoft.AspNetCore.Mvc.Infrastructure.ControllerActionInvoker|Route matched with {action = "Create", controller = "Contacts"}. Executing controller action with signature System.Threading.Tasks.Task`1[Microsoft.AspNetCore.Mvc.ActionResult`1[TelefonRehberApi.Models.Contact]] Create(TelefonRehberApi.Models.Contact) on controller TelefonRehberApi.Controllers.ContactsController (TelefonRehberApi).
2026-03-06 15:35:33.0960|INFO|Microsoft.EntityFrameworkCore.Database.Command|Executed DbCommand (36ms) [Parameters=[@p0='?' (Size = 500), @p1='?' (DbType = DateTime2), @p2='?' (Size = 200), @p3='?' (Size = 100), @p4='?' (Size = 100), @p5='?' (Size = 1000), @p6='?' (Size = 50), @p7='?' (DbType = DateTime2), @p8='?' (DbType = Int32)], CommandType='Text', CommandTimeout='30']
SET IMPLICIT_TRANSACTIONS OFF;
SET NOCOUNT ON;
INSERT INTO [Contacts] ([Address], [CreatedAt], [Email], [FirstName], [LastName], [Notes], [PhoneNumber], [UpdatedAt], [UserId])
OUTPUT INSERTED.[Id]
VALUES (@p0, @p1, @p2, @p3, @p4, @p5, @p6, @p7, @p8);
2026-03-06 15:35:33.1299|INFO|TelefonRehberApi.Controllers.ContactsController|Contact created: Id=2, Name=qq q3h
2026-03-06 15:35:33.1363|INFO|Microsoft.AspNetCore.Mvc.Infrastructure.ObjectResultExecutor|Executing CreatedAtActionResult, writing value of type 'TelefonRehberApi.Models.Contact'.
2026-03-06 15:35:33.1687|INFO|Microsoft.AspNetCore.Mvc.Infrastructure.ControllerActionInvoker|Executed action TelefonRehberApi.Controllers.ContactsController.Create (TelefonRehberApi) in 337.5405ms
2026-03-06 15:35:33.1695|INFO|Microsoft.AspNetCore.Routing.EndpointMiddleware|Executed endpoint 'TelefonRehberApi.Controllers.ContactsController.Create (TelefonRehberApi)'
2026-03-06 15:35:33.1768|INFO|Microsoft.AspNetCore.Hosting.Diagnostics|Request finished HTTP/1.1 POST http://localhost:5010/api/contacts - 201 - application/json;+charset=utf-8 426.3553ms
2026-03-06 15:36:00.9852|INFO|Microsoft.AspNetCore.Hosting.Diagnostics|Request starting HTTP/1.1 GET http://localhost:41923/api/contacts - - -
2026-03-06 15:36:00.9944|INFO|Microsoft.AspNetCore.Routing.EndpointMiddleware|Executing endpoint 'TelefonRehberApi.Controllers.ContactsController.GetAll (TelefonRehberApi)'
2026-03-06 15:36:00.9996|INFO|Microsoft.AspNetCore.Mvc.Infrastructure.ControllerActionInvoker|Route matched with {action = "GetAll", controller = "Contacts"}. Executing controller action with signature System.Threading.Tasks.Task`1[Microsoft.AspNetCore.Mvc.ActionResult`1[System.Collections.Generic.IEnumerable`1[TelefonRehberApi.Models.Contact]]] GetAll() on controller TelefonRehberApi.Controllers.ContactsController (TelefonRehberApi).
2026-03-06 15:36:01.0035|INFO|TelefonRehberApi.Controllers.ContactsController|Contacts list requested
2026-03-06 15:36:01.2430|INFO|Microsoft.EntityFrameworkCore.Database.Command|Executed DbCommand (2ms) [Parameters=[], CommandType='Text', CommandTimeout='30']
SELECT [c].[Id], [c].[Address], [c].[CreatedAt], [c].[Email], [c].[FirstName], [c].[LastName], [c].[Notes], [c].[PhoneNumber], [c].[UpdatedAt], [c].[UserId]
FROM [Contacts] AS [c]
ORDER BY [c].[FirstName], [c].[LastName]
2026-03-06 15:36:01.2497|INFO|TelefonRehberApi.Controllers.ContactsController|Returning 2 contacts
2026-03-06 15:36:01.2504|INFO|Microsoft.AspNetCore.Mvc.Infrastructure.ObjectResultExecutor|Executing OkObjectResult, writing value of type 'System.Collections.Generic.List`1[[TelefonRehberApi.Models.Contact, TelefonRehberApi, Version=1.0.0.0, Culture=neutral, PublicKeyToken=null]]'.
2026-03-06 15:36:01.2542|INFO|Microsoft.AspNetCore.Mvc.Infrastructure.ControllerActionInvoker|Executed action TelefonRehberApi.Controllers.ContactsController.GetAll (TelefonRehberApi) in 254.366ms
2026-03-06 15:36:01.2542|INFO|Microsoft.AspNetCore.Routing.EndpointMiddleware|Executed endpoint 'TelefonRehberApi.Controllers.ContactsController.GetAll (TelefonRehberApi)'
2026-03-06 15:36:01.2542|INFO|Microsoft.AspNetCore.Hosting.Diagnostics|Request finished HTTP/1.1 GET http://localhost:41923/api/contacts - 200 - application/json;+charset=utf-8 269.6469ms
2026-03-06 15:36:40.8487|INFO|Microsoft.AspNetCore.Hosting.Diagnostics|Request starting HTTP/1.1 POST http://localhost:41923/api/contacts - application/json 117
2026-03-06 15:36:40.8538|INFO|Microsoft.AspNetCore.Cors.Infrastructure.CorsService|CORS policy execution failed.
2026-03-06 15:36:40.8538|INFO|Microsoft.AspNetCore.Cors.Infrastructure.CorsService|Request origin http://localhost:41923 does not have permission to access the resource.
2026-03-06 15:36:40.8549|INFO|Microsoft.AspNetCore.Routing.EndpointMiddleware|Executing endpoint 'TelefonRehberApi.Controllers.ContactsController.Create (TelefonRehberApi)'
2026-03-06 15:36:40.8553|INFO|Microsoft.AspNetCore.Mvc.Infrastructure.ControllerActionInvoker|Route matched with {action = "Create", controller = "Contacts"}. Executing controller action with signature System.Threading.Tasks.Task`1[Microsoft.AspNetCore.Mvc.ActionResult`1[TelefonRehberApi.Models.Contact]] Create(TelefonRehberApi.Models.Contact) on controller TelefonRehberApi.Controllers.ContactsController (TelefonRehberApi).
2026-03-06 15:36:40.8652|INFO|Microsoft.EntityFrameworkCore.Database.Command|Executed DbCommand (3ms) [Parameters=[@p0='?' (Size = 500), @p1='?' (DbType = DateTime2), @p2='?' (Size = 200), @p3='?' (Size = 100), @p4='?' (Size = 100), @p5='?' (Size = 1000), @p6='?' (Size = 50), @p7='?' (DbType = DateTime2), @p8='?' (DbType = Int32)], CommandType='Text', CommandTimeout='30']
SET IMPLICIT_TRANSACTIONS OFF;
SET NOCOUNT ON;
INSERT INTO [Contacts] ([Address], [CreatedAt], [Email], [FirstName], [LastName], [Notes], [PhoneNumber], [UpdatedAt], [UserId])
OUTPUT INSERTED.[Id]
VALUES (@p0, @p1, @p2, @p3, @p4, @p5, @p6, @p7, @p8);
2026-03-06 15:36:40.8664|INFO|TelefonRehberApi.Controllers.ContactsController|Contact created: Id=3, Name=ffvf anhqgabnh
2026-03-06 15:36:40.8664|INFO|Microsoft.AspNetCore.Mvc.Infrastructure.ObjectResultExecutor|Executing CreatedAtActionResult, writing value of type 'TelefonRehberApi.Models.Contact'.
2026-03-06 15:36:40.8686|INFO|Microsoft.AspNetCore.Mvc.Infrastructure.ControllerActionInvoker|Executed action TelefonRehberApi.Controllers.ContactsController.Create (TelefonRehberApi) in 13.2174ms
2026-03-06 15:36:40.8686|INFO|Microsoft.AspNetCore.Routing.EndpointMiddleware|Executed endpoint 'TelefonRehberApi.Controllers.ContactsController.Create (TelefonRehberApi)'
2026-03-06 15:36:40.8686|INFO|Microsoft.AspNetCore.Hosting.Diagnostics|Request finished HTTP/1.1 POST http://localhost:41923/api/contacts - 201 - application/json;+charset=utf-8 20.3135ms
2026-03-06 15:36:40.8794|INFO|Microsoft.AspNetCore.Hosting.Diagnostics|Request starting HTTP/1.1 GET http://localhost:41923/api/contacts - - -
2026-03-06 15:36:40.8808|INFO|Microsoft.AspNetCore.Routing.EndpointMiddleware|Executing endpoint 'TelefonRehberApi.Controllers.ContactsController.GetAll (TelefonRehberApi)'
2026-03-06 15:36:40.8813|INFO|Microsoft.AspNetCore.Mvc.Infrastructure.ControllerActionInvoker|Route matched with {action = "GetAll", controller = "Contacts"}. Executing controller action with signature System.Threading.Tasks.Task`1[Microsoft.AspNetCore.Mvc.ActionResult`1[System.Collections.Generic.IEnumerable`1[TelefonRehberApi.Models.Contact]]] GetAll() on controller TelefonRehberApi.Controllers.ContactsController (TelefonRehberApi).
2026-03-06 15:36:40.8813|INFO|TelefonRehberApi.Controllers.ContactsController|Contacts list requested
2026-03-06 15:36:40.8879|INFO|Microsoft.EntityFrameworkCore.Database.Command|Executed DbCommand (3ms) [Parameters=[], CommandType='Text', CommandTimeout='30']
SELECT [c].[Id], [c].[Address], [c].[CreatedAt], [c].[Email], [c].[FirstName], [c].[LastName], [c].[Notes], [c].[PhoneNumber], [c].[UpdatedAt], [c].[UserId]
FROM [Contacts] AS [c]
ORDER BY [c].[FirstName], [c].[LastName]
2026-03-06 15:36:40.8893|INFO|TelefonRehberApi.Controllers.ContactsController|Returning 3 contacts
2026-03-06 15:36:40.8893|INFO|Microsoft.AspNetCore.Mvc.Infrastructure.ObjectResultExecutor|Executing OkObjectResult, writing value of type 'System.Collections.Generic.List`1[[TelefonRehberApi.Models.Contact, TelefonRehberApi, Version=1.0.0.0, Culture=neutral, PublicKeyToken=null]]'.
2026-03-06 15:36:40.8904|INFO|Microsoft.AspNetCore.Mvc.Infrastructure.ControllerActionInvoker|Executed action TelefonRehberApi.Controllers.ContactsController.GetAll (TelefonRehberApi) in 8.9505ms
2026-03-06 15:36:40.8904|INFO|Microsoft.AspNetCore.Routing.EndpointMiddleware|Executed endpoint 'TelefonRehberApi.Controllers.ContactsController.GetAll (TelefonRehberApi)'
2026-03-06 15:36:40.8904|INFO|Microsoft.AspNetCore.Hosting.Diagnostics|Request finished HTTP/1.1 GET http://localhost:41923/api/contacts - 200 - application/json;+charset=utf-8 11.3788ms
2026-03-06 15:51:44.5822|INFO|Microsoft.AspNetCore.Hosting.Diagnostics|Request starting HTTP/1.1 GET http://localhost:35779/api/contacts - - -
2026-03-06 15:51:44.5833|INFO|Microsoft.AspNetCore.Routing.EndpointMiddleware|Executing endpoint 'TelefonRehberApi.Controllers.ContactsController.GetAll (TelefonRehberApi)'
2026-03-06 15:51:44.5833|INFO|Microsoft.AspNetCore.Mvc.Infrastructure.ControllerActionInvoker|Route matched with {action = "GetAll", controller = "Contacts"}. Executing controller action with signature System.Threading.Tasks.Task`1[Microsoft.AspNetCore.Mvc.ActionResult`1[System.Collections.Generic.IEnumerable`1[TelefonRehberApi.Models.Contact]]] GetAll() on controller TelefonRehberApi.Controllers.ContactsController (TelefonRehberApi).
2026-03-06 15:51:44.5833|INFO|TelefonRehberApi.Controllers.ContactsController|Contacts list requested
2026-03-06 15:51:44.7244|INFO|Microsoft.EntityFrameworkCore.Database.Command|Executed DbCommand (1ms) [Parameters=[], CommandType='Text', CommandTimeout='30']
SELECT [c].[Id], [c].[Address], [c].[CreatedAt], [c].[Email], [c].[FirstName], [c].[LastName], [c].[Notes], [c].[PhoneNumber], [c].[UpdatedAt], [c].[UserId]
FROM [Contacts] AS [c]
ORDER BY [c].[FirstName], [c].[LastName]
2026-03-06 15:51:44.7256|INFO|TelefonRehberApi.Controllers.ContactsController|Returning 3 contacts
2026-03-06 15:51:44.7256|INFO|Microsoft.AspNetCore.Mvc.Infrastructure.ObjectResultExecutor|Executing OkObjectResult, writing value of type 'System.Collections.Generic.List`1[[TelefonRehberApi.Models.Contact, TelefonRehberApi, Version=1.0.0.0, Culture=neutral, PublicKeyToken=null]]'.
2026-03-06 15:51:44.7267|INFO|Microsoft.AspNetCore.Mvc.Infrastructure.ControllerActionInvoker|Executed action TelefonRehberApi.Controllers.ContactsController.GetAll (TelefonRehberApi) in 143.0971ms
2026-03-06 15:51:44.7267|INFO|Microsoft.AspNetCore.Routing.EndpointMiddleware|Executed endpoint 'TelefonRehberApi.Controllers.ContactsController.GetAll (TelefonRehberApi)'
2026-03-06 15:51:44.7271|INFO|Microsoft.AspNetCore.Hosting.Diagnostics|Request finished HTTP/1.1 GET http://localhost:35779/api/contacts - 200 - application/json;+charset=utf-8 145.0126ms
2026-03-06 15:52:03.5496|INFO|Microsoft.Hosting.Lifetime|Application is shutting down...
